<?xml version="1.0" encoding="UTF-8"?>
<!-- Generated by org.testng.reporters.JUnitXMLReporter -->
<testsuite ignored="0" hostname="DESKTOP-542BJL2" failures="4" tests="7" name="Searchproduct" time="151.227" errors="0" timestamp="2023-05-28T20:55:52 IST">
  <testcase classname="testCases.TC_002_Login_Test_" name="loginprocress" time="11.269"/>
  <testcase classname="testCases.TC_001_SearchProduct_test" name="Searchproduct" time="13.089"/>
  <testcase classname="testCases.TC003_TestDDT" name="test_loignDDT" time="9.553"/>
  <testcase classname="testCases.TC003_TestDDT" name="test_loignDDT" time="22.087">
    <failure type="java.lang.AssertionError" message="null">
      <![CDATA[java.lang.AssertionError: null
at testCases.TC003_TestDDT.test_loignDDT(TC003_TestDDT.java:72)
at java.base/java.util.ArrayList.forEach(ArrayList.java:1511)
... Removed 31 stack frames]]>
    </failure>
  </testcase> <!-- test_loignDDT -->
  <testcase classname="testCases.TC003_TestDDT" name="test_loignDDT" time="21.613">
    <failure type="java.lang.AssertionError" message="null">
      <![CDATA[java.lang.AssertionError: null
at testCases.TC003_TestDDT.test_loignDDT(TC003_TestDDT.java:72)
at java.base/java.util.ArrayList.forEach(ArrayList.java:1511)
... Removed 31 stack frames]]>
    </failure>
  </testcase> <!-- test_loignDDT -->
  <testcase classname="testCases.TC003_TestDDT" name="test_loignDDT" time="20.962">
    <failure type="java.lang.AssertionError" message="null">
      <![CDATA[java.lang.AssertionError: null
at testCases.TC003_TestDDT.test_loignDDT(TC003_TestDDT.java:72)
at java.base/java.util.ArrayList.forEach(ArrayList.java:1511)
... Removed 31 stack frames]]>
    </failure>
  </testcase> <!-- test_loignDDT -->
  <testcase classname="testCases.TC003_TestDDT" name="test_loignDDT" time="21.239">
    <failure type="java.lang.AssertionError" message="null">
      <![CDATA[java.lang.AssertionError: null
at testCases.TC003_TestDDT.test_loignDDT(TC003_TestDDT.java:72)
at java.base/java.util.ArrayList.forEach(ArrayList.java:1511)
... Removed 31 stack frames]]>
    </failure>
  </testcase> <!-- test_loignDDT -->
</testsuite> <!-- Searchproduct -->
