<?xml version="1.0" encoding="UTF-8"?>
<testng-results ignored="0" total="1" passed="1" failed="0" skipped="0">
  <reporter-output>
  </reporter-output>
  <suite started-at="2023-06-06T20:54:03 IST" name="Suite" finished-at="2023-06-06T20:54:51 IST" duration-ms="47105">
    <groups>
    </groups>
    <test started-at="2023-06-06T20:54:03 IST" name="Searchproduct" finished-at="2023-06-06T20:54:51 IST" duration-ms="47105">
      <class name="testCases.TC_001_SearchProduct_test">
        <test-method is-config="true" signature="setup(java.lang.String)[pri:0, instance:testCases.TC_001_SearchProduct_test@5158b42f]" started-at="2023-06-06T20:54:04 IST" name="setup" finished-at="2023-06-06T20:54:26 IST" duration-ms="21563" status="PASS">
          <params>
            <param index="0">
              <value>
                <![CDATA[chrome]]>
              </value>
            </param>
          </params>
          <reporter-output>
          </reporter-output>
        </test-method> <!-- setup -->
        <test-method signature="Searchproduct()[pri:0, instance:testCases.TC_001_SearchProduct_test@5158b42f]" started-at="2023-06-06T20:54:26 IST" name="Searchproduct" finished-at="2023-06-06T20:54:50 IST" duration-ms="24539" status="PASS">
          <reporter-output>
          </reporter-output>
        </test-method> <!-- Searchproduct -->
        <test-method is-config="true" signature="tearDown()[pri:0, instance:testCases.TC_001_SearchProduct_test@5158b42f]" started-at="2023-06-06T20:54:50 IST" name="tearDown" finished-at="2023-06-06T20:54:51 IST" duration-ms="365" status="PASS">
          <reporter-output>
          </reporter-output>
        </test-method> <!-- tearDown -->
      </class> <!-- testCases.TC_001_SearchProduct_test -->
    </test> <!-- Searchproduct -->
  </suite> <!-- Suite -->
</testng-results>
